<?xml version="1.0" encoding="UTF-8"?>
<!-- Generated by org.testng.reporters.JUnitReportReporter -->
<testsuite hostname="C100" name="org.dog.TestMain" tests="1" failures="0" timestamp="15 Jun 2015 14:07:52 GMT" time="1.367" errors="1">
  <testcase name="test" time="1.367" classname="org.dog.TestMain">
    <error type="java.lang.StackOverflowError">
      <![CDATA[java.lang.StackOverflowError
	at java.util.Stack.peek(Unknown Source)
	at org.dog.DogHelper.eliminateChild(DogHelper.java:65)
	at org.dog.DogHelper.eliminateChild(DogHelper.java:79)
	at org.dog.PuppyDog.getFamilyTree(PuppyDog.java:181)
	at org.dog.PuppyDog.getFamilyTree(PuppyDog.java:192)
	at org.dog.PuppyDog.getFamilyTree(PuppyDog.java:192)
	at org.dog.PuppyDog.getFamilyTree(PuppyDog.java:165)
	at org.dog.PuppyDog.getFamilyTree(PuppyDog.java:192)
	at org.dog.PuppyDog.getFamilyTree(PuppyDog.java:192)
	at org.dog.PuppyDog.getFamilyTree(PuppyDog.java:165)
	at org.dog.PuppyDog.getFamilyTree(PuppyDog.java:192)
	at org.dog.PuppyDog.getFamilyTree(PuppyDog.java:192)
	at org.dog.PuppyDog.getFamilyTree(PuppyDog.java:165)
	at org.dog.PuppyDog.getFamilyTree(PuppyDog.java:192)
	at org.dog.PuppyDog.getFamilyTree(PuppyDog.java:192)
	at org.dog.PuppyDog.getFamilyTree(PuppyDog.java:165)
	at org.dog.PuppyDog.getFamilyTree(PuppyDog.java:192)
	at org.dog.PuppyDog.getFamilyTree(PuppyDog.java:192)
	at org.dog.PuppyDog.getFamilyTree(PuppyDog.java:165)
	at org.dog.PuppyDog.getFamilyTree(PuppyDog.java:192)
	at org.dog.PuppyDog.getFamilyTree(PuppyDog.java:192)
	at org.dog.PuppyDog.getFamilyTree(PuppyDog.java:165)
	at org.dog.PuppyDog.getFamilyTree(PuppyDog.java:192)
	at org.dog.PuppyDog.getFamilyTree(PuppyDog.java:192)
	at org.dog.PuppyDog.getFamilyTree(PuppyDog.java:165)
	at org.dog.PuppyDog.getFamilyTree(PuppyDog.java:192)
	at org.dog.PuppyDog.getFamilyTree(PuppyDog.java:192)
	at org.dog.PuppyDog.getFamilyTree(PuppyDog.java:165)
	at org.dog.PuppyDog.getFamilyTree(PuppyDog.java:192)
	at org.dog.PuppyDog.getFamilyTree(PuppyDog.java:192)
	at org.dog.PuppyDog.getFamilyTree(PuppyDog.java:165)
	at org.dog.PuppyDog.getFamilyTree(PuppyDog.java:192)
	at org.dog.PuppyDog.getFamilyTree(PuppyDog.java:192)
	at org.dog.PuppyDog.getFamilyTree(PuppyDog.java:165)
	at org.dog.PuppyDog.getFamilyTree(PuppyDog.java:192)
	at org.dog.PuppyDog.getFamilyTree(PuppyDog.java:192)
	at org.dog.PuppyDog.getFamilyTree(PuppyDog.java:165)
	at org.dog.PuppyDog.getFamilyTree(PuppyDog.java:192)
	at org.dog.PuppyDog.getFamilyTree(PuppyDog.java:192)
	at org.dog.PuppyDog.getFamilyTree(PuppyDog.java:165)
	at org.dog.PuppyDog.getFamilyTree(PuppyDog.java:192)
	at org.dog.PuppyDog.getFamilyTree(PuppyDog.java:192)
	at org.dog.PuppyDog.getFamilyTree(PuppyDog.java:165)
	at org.dog.PuppyDog.getFamilyTree(PuppyDog.java:192)
	at org.dog.PuppyDog.getFamilyTree(PuppyDog.java:192)
	at org.dog.PuppyDog.getFamilyTree(PuppyDog.java:165)
	at org.dog.PuppyDog.getFamilyTree(PuppyDog.java:192)
	at org.dog.PuppyDog.getFamilyTree(PuppyDog.java:192)
	at org.dog.PuppyDog.getFamilyTree(PuppyDog.java:165)
	at org.dog.PuppyDog.getFamilyTree(PuppyDog.java:192)
	at org.dog.PuppyDog.getFamilyTree(PuppyDog.java:192)
	at org.dog.PuppyDog.getFamilyTree(PuppyDog.java:165)
	at org.dog.PuppyDog.getFamilyTree(PuppyDog.java:192)
	at org.dog.PuppyDog.getFamilyTree(PuppyDog.java:192)
	at org.dog.PuppyDog.getFamilyTree(PuppyDog.java:165)
	at org.dog.PuppyDog.getFamilyTree(PuppyDog.java:192)
	at org.dog.PuppyDog.getFamilyTree(PuppyDog.java:192)
	at org.dog.PuppyDog.getFamilyTree(PuppyDog.java:165)
	at org.dog.PuppyDog.getFamilyTree(PuppyDog.java:192)
	at org.dog.PuppyDog.getFamilyTree(PuppyDog.java:192)
	at org.dog.PuppyDog.getFamilyTree(PuppyDog.java:165)
	at org.dog.PuppyDog.getFamilyTree(PuppyDog.java:192)
	at org.dog.PuppyDog.getFamilyTree(PuppyDog.java:192)
	at org.dog.PuppyDog.getFamilyTree(PuppyDog.java:165)
	at org.dog.PuppyDog.getFamilyTree(PuppyDog.java:192)
	at org.dog.PuppyDog.getFamilyTree(PuppyDog.java:192)
	at org.dog.PuppyDog.getFamilyTree(PuppyDog.java:165)
	at org.dog.PuppyDog.getFamilyTree(PuppyDog.java:192)
	at org.dog.PuppyDog.getFamilyTree(PuppyDog.java:192)
	at org.dog.PuppyDog.getFamilyTree(PuppyDog.java:165)
	at org.dog.PuppyDog.getFamilyTree(PuppyDog.java:192)
	at org.dog.PuppyDog.getFamilyTree(PuppyDog.java:192)
	at org.dog.PuppyDog.getFamilyTree(PuppyDog.java:165)
	at org.dog.PuppyDog.getFamilyTree(PuppyDog.java:192)
	at org.dog.PuppyDog.getFamilyTree(PuppyDog.java:192)
	at org.dog.PuppyDog.getFamilyTree(PuppyDog.java:165)
	at org.dog.PuppyDog.getFamilyTree(PuppyDog.java:192)
	at org.dog.PuppyDog.getFamilyTree(PuppyDog.java:192)
	at org.dog.PuppyDog.getFamilyTree(PuppyDog.java:165)
	at org.dog.PuppyDog.getFamilyTree(PuppyDog.java:192)
	at org.dog.PuppyDog.getFamilyTree(PuppyDog.java:192)
	at org.dog.PuppyDog.getFamilyTree(PuppyDog.java:165)
	at org.dog.PuppyDog.getFamilyTree(PuppyDog.java:192)
	at org.dog.PuppyDog.getFamilyTree(PuppyDog.java:192)
	at org.dog.PuppyDog.getFamilyTree(PuppyDog.java:165)
	at org.dog.PuppyDog.getFamilyTree(PuppyDog.java:192)
	at org.dog.PuppyDog.getFamilyTree(PuppyDog.java:192)
	at org.dog.PuppyDog.getFamilyTree(PuppyDog.java:165)
	at org.dog.PuppyDog.getFamilyTree(PuppyDog.java:192)
	at org.dog.PuppyDog.getFamilyTree(PuppyDog.java:192)
	at org.dog.PuppyDog.getFamilyTree(PuppyDog.java:165)
	at org.dog.PuppyDog.getFamilyTree(PuppyDog.java:192)
	at org.dog.PuppyDog.getFamilyTree(PuppyDog.java:192)
	at org.dog.PuppyDog.getFamilyTree(PuppyDog.java:165)
	at org.dog.PuppyDog.getFamilyTree(PuppyDog.java:192)
	at org.dog.PuppyDog.getFamilyTree(PuppyDog.java:192)
	at org.dog.PuppyDog.getFamilyTree(PuppyDog.java:165)
	at org.dog.PuppyDog.getFamilyTree(PuppyDog.java:192)
	at org.dog.PuppyDog.getFamilyTree(PuppyDog.java:192)
	at org.dog.PuppyDog.getFamilyTree(PuppyDog.java:165)
	at org.dog.PuppyDog.getFamilyTree(PuppyDog.java:192)
	at org.dog.PuppyDog.getFamilyTree(PuppyDog.java:192)
	at org.dog.PuppyDog.getFamilyTree(PuppyDog.java:165)
	at org.dog.PuppyDog.getFamilyTree(PuppyDog.java:192)
	at org.dog.PuppyDog.getFamilyTree(PuppyDog.java:192)
	at org.dog.PuppyDog.getFamilyTree(PuppyDog.java:165)
	at org.dog.PuppyDog.getFamilyTree(PuppyDog.java:192)
	at org.dog.PuppyDog.getFamilyTree(PuppyDog.java:192)
	at org.dog.PuppyDog.getFamilyTree(PuppyDog.java:165)
	at org.dog.PuppyDog.getFamilyTree(PuppyDog.java:192)
	at org.dog.PuppyDog.getFamilyTree(PuppyDog.java:192)
	at org.dog.PuppyDog.getFamilyTree(PuppyDog.java:165)
	at org.dog.PuppyDog.getFamilyTree(PuppyDog.java:192)
	at org.dog.PuppyDog.getFamilyTree(PuppyDog.java:192)
	at org.dog.PuppyDog.getFamilyTree(PuppyDog.java:165)
	at org.dog.PuppyDog.getFamilyTree(PuppyDog.java:192)
	at org.dog.PuppyDog.getFamilyTree(PuppyDog.java:192)
	at org.dog.PuppyDog.getFamilyTree(PuppyDog.java:165)
	at org.dog.PuppyDog.getFamilyTree(PuppyDog.java:192)
	at org.dog.PuppyDog.getFamilyTree(PuppyDog.java:192)
	at org.dog.PuppyDog.getFamilyTree(PuppyDog.java:165)
	at org.dog.PuppyDog.getFamilyTree(PuppyDog.java:192)
	at org.dog.PuppyDog.getFamilyTree(PuppyDog.java:192)
	at org.dog.PuppyDog.getFamilyTree(PuppyDog.java:165)
	at org.dog.PuppyDog.getFamilyTree(PuppyDog.java:192)
	at org.dog.PuppyDog.getFamilyTree(PuppyDog.java:192)
	at org.dog.PuppyDog.getFamilyTree(PuppyDog.java:165)
	at org.dog.PuppyDog.getFamilyTree(PuppyDog.java:192)
	at org.dog.PuppyDog.getFamilyTree(PuppyDog.java:192)
	at org.dog.PuppyDog.getFamilyTree(PuppyDog.java:165)
	at org.dog.PuppyDog.getFamilyTree(PuppyDog.java:192)
	at org.dog.PuppyDog.getFamilyTree(PuppyDog.java:192)
	at org.dog.PuppyDog.getFamilyTree(PuppyDog.java:165)
	at org.dog.PuppyDog.getFamilyTree(PuppyDog.java:192)
	at org.dog.PuppyDog.getFamilyTree(PuppyDog.java:192)
	at org.dog.PuppyDog.getFamilyTree(PuppyDog.java:165)
	at org.dog.PuppyDog.getFamilyTree(PuppyDog.java:192)
	at org.dog.PuppyDog.getFamilyTree(PuppyDog.java:192)
	at org.dog.PuppyDog.getFamilyTree(PuppyDog.java:165)
	at org.dog.PuppyDog.getFamilyTree(PuppyDog.java:192)
	at org.dog.PuppyDog.getFamilyTree(PuppyDog.java:192)
	at org.dog.PuppyDog.getFamilyTree(PuppyDog.java:165)
	at org.dog.PuppyDog.getFamilyTree(PuppyDog.java:192)
	at org.dog.PuppyDog.getFamilyTree(PuppyDog.java:192)
	at org.dog.PuppyDog.getFamilyTree(PuppyDog.java:165)
	at org.dog.PuppyDog.getFamilyTree(PuppyDog.java:192)
	at org.dog.PuppyDog.getFamilyTree(PuppyDog.java:192)
	at org.dog.PuppyDog.getFamilyTree(PuppyDog.java:165)
	at org.dog.PuppyDog.getFamilyTree(PuppyDog.java:192)
	at org.dog.PuppyDog.getFamilyTree(PuppyDog.java:192)
	at org.dog.PuppyDog.getFamilyTree(PuppyDog.java:165)
	at org.dog.PuppyDog.getFamilyTree(PuppyDog.java:192)
	at org.dog.PuppyDog.getFamilyTree(PuppyDog.java:192)
	at org.dog.PuppyDog.getFamilyTree(PuppyDog.java:165)
	at org.dog.PuppyDog.getFamilyTree(PuppyDog.java:192)
	at org.dog.PuppyDog.getFamilyTree(PuppyDog.java:192)
	at org.dog.PuppyDog.getFamilyTree(PuppyDog.java:165)
	at org.dog.PuppyDog.getFamilyTree(PuppyDog.java:192)
	at org.dog.PuppyDog.getFamilyTree(PuppyDog.java:192)
	at org.dog.PuppyDog.getFamilyTree(PuppyDog.java:165)
	at org.dog.PuppyDog.getFamilyTree(PuppyDog.java:192)
	at org.dog.PuppyDog.getFamilyTree(PuppyDog.java:192)
	at org.dog.PuppyDog.getFamilyTree(PuppyDog.java:165)
	at org.dog.PuppyDog.getFamilyTree(PuppyDog.java:192)
	at org.dog.PuppyDog.getFamilyTree(PuppyDog.java:192)
	at org.dog.PuppyDog.getFamilyTree(PuppyDog.java:165)
	at org.dog.PuppyDog.getFamilyTree(PuppyDog.java:192)
	at org.dog.PuppyDog.getFamilyTree(PuppyDog.java:192)
	at org.dog.PuppyDog.getFamilyTree(PuppyDog.java:165)
	at org.dog.PuppyDog.getFamilyTree(PuppyDog.java:192)
	at org.dog.PuppyDog.getFamilyTree(PuppyDog.java:192)
	at org.dog.PuppyDog.getFamilyTree(PuppyDog.java:165)
	at org.dog.PuppyDog.getFamilyTree(PuppyDog.java:192)
	at org.dog.PuppyDog.getFamilyTree(PuppyDog.java:192)
	at org.dog.PuppyDog.getFamilyTree(PuppyDog.java:165)
	at org.dog.PuppyDog.getFamilyTree(PuppyDog.java:192)
	at org.dog.PuppyDog.getFamilyTree(PuppyDog.java:192)
	at org.dog.PuppyDog.getFamilyTree(PuppyDog.java:165)
	at org.dog.PuppyDog.getFamilyTree(PuppyDog.java:192)
	at org.dog.PuppyDog.getFamilyTree(PuppyDog.java:192)
	at org.dog.PuppyDog.getFamilyTree(PuppyDog.java:165)
	at org.dog.PuppyDog.getFamilyTree(PuppyDog.java:192)
	at org.dog.PuppyDog.getFamilyTree(PuppyDog.java:192)
	at org.dog.PuppyDog.getFamilyTree(PuppyDog.java:165)
	at org.dog.PuppyDog.getFamilyTree(PuppyDog.java:192)
	at org.dog.PuppyDog.getFamilyTree(PuppyDog.java:192)
	at org.dog.PuppyDog.getFamilyTree(PuppyDog.java:165)
	at org.dog.PuppyDog.getFamilyTree(PuppyDog.java:192)
	at org.dog.PuppyDog.getFamilyTree(PuppyDog.java:192)
	at org.dog.PuppyDog.getFamilyTree(PuppyDog.java:165)
	at org.dog.PuppyDog.getFamilyTree(PuppyDog.java:192)
	at org.dog.PuppyDog.getFamilyTree(PuppyDog.java:192)
	at org.dog.PuppyDog.getFamilyTree(PuppyDog.java:165)
	at org.dog.PuppyDog.getFamilyTree(PuppyDog.java:192)
	at org.dog.PuppyDog.getFamilyTree(PuppyDog.java:192)
	at org.dog.PuppyDog.getFamilyTree(PuppyDog.java:165)
	at org.dog.PuppyDog.getFamilyTree(PuppyDog.java:192)
	at org.dog.PuppyDog.getFamilyTree(PuppyDog.java:192)
	at org.dog.PuppyDog.getFamilyTree(PuppyDog.java:165)
	at org.dog.PuppyDog.getFamilyTree(PuppyDog.java:192)
	at org.dog.PuppyDog.getFamilyTree(PuppyDog.java:192)
	at org.dog.PuppyDog.getFamilyTree(PuppyDog.java:165)
	at org.dog.PuppyDog.getFamilyTree(PuppyDog.java:192)
	at org.dog.PuppyDog.getFamilyTree(PuppyDog.java:192)
	at org.dog.PuppyDog.getFamilyTree(PuppyDog.java:165)
	at org.dog.PuppyDog.getFamilyTree(PuppyDog.java:192)
	at org.dog.PuppyDog.getFamilyTree(PuppyDog.java:192)
	at org.dog.PuppyDog.getFamilyTree(PuppyDog.java:165)
	at org.dog.PuppyDog.getFamilyTree(PuppyDog.java:192)
	at org.dog.PuppyDog.getFamilyTree(PuppyDog.java:192)
	at org.dog.PuppyDog.getFamilyTree(PuppyDog.java:165)
	at org.dog.PuppyDog.getFamilyTree(PuppyDog.java:192)
	at org.dog.PuppyDog.getFamilyTree(PuppyDog.java:192)
	at org.dog.PuppyDog.getFamilyTree(PuppyDog.java:165)
	at org.dog.PuppyDog.getFamilyTree(PuppyDog.java:192)
	at org.dog.PuppyDog.getFamilyTree(PuppyDog.java:192)
	at org.dog.PuppyDog.getFamilyTree(PuppyDog.java:165)
	at org.dog.PuppyDog.getFamilyTree(PuppyDog.java:192)
	at org.dog.PuppyDog.getFamilyTree(PuppyDog.java:192)
	at org.dog.PuppyDog.getFamilyTree(PuppyDog.java:165)
	at org.dog.PuppyDog.getFamilyTree(PuppyDog.java:192)
	at org.dog.PuppyDog.getFamilyTree(PuppyDog.java:192)
	at org.dog.PuppyDog.getFamilyTree(PuppyDog.java:165)
	at org.dog.PuppyDog.getFamilyTree(PuppyDog.java:192)
	at org.dog.PuppyDog.getFamilyTree(PuppyDog.java:192)
	at org.dog.PuppyDog.getFamilyTree(PuppyDog.java:165)
	at org.dog.PuppyDog.getFamilyTree(PuppyDog.java:192)
	at org.dog.PuppyDog.getFamilyTree(PuppyDog.java:192)
	at org.dog.PuppyDog.getFamilyTree(PuppyDog.java:165)
	at org.dog.PuppyDog.getFamilyTree(PuppyDog.java:192)
	at org.dog.PuppyDog.getFamilyTree(PuppyDog.java:192)
	at org.dog.PuppyDog.getFamilyTree(PuppyDog.java:165)
	at org.dog.PuppyDog.getFamilyTree(PuppyDog.java:192)
	at org.dog.PuppyDog.getFamilyTree(PuppyDog.java:192)
	at org.dog.PuppyDog.getFamilyTree(PuppyDog.java:165)
	at org.dog.PuppyDog.getFamilyTree(PuppyDog.java:192)
	at org.dog.PuppyDog.getFamilyTree(PuppyDog.java:192)
	at org.dog.PuppyDog.getFamilyTree(PuppyDog.java:165)
	at org.dog.PuppyDog.getFamilyTree(PuppyDog.java:192)
	at org.dog.PuppyDog.getFamilyTree(PuppyDog.java:192)
	at org.dog.PuppyDog.getFamilyTree(PuppyDog.java:165)
	at org.dog.PuppyDog.getFamilyTree(PuppyDog.java:192)
	at org.dog.PuppyDog.getFamilyTree(PuppyDog.java:192)
	at org.dog.PuppyDog.getFamilyTree(PuppyDog.java:165)
	at org.dog.PuppyDog.getFamilyTree(PuppyDog.java:192)
	at org.dog.PuppyDog.getFamilyTree(PuppyDog.java:192)
	at org.dog.PuppyDog.getFamilyTree(PuppyDog.java:165)
	at org.dog.PuppyDog.getFamilyTree(PuppyDog.java:192)
	at org.dog.PuppyDog.getFamilyTree(PuppyDog.java:192)
	at org.dog.PuppyDog.getFamilyTree(PuppyDog.java:165)
	at org.dog.PuppyDog.getFamilyTree(PuppyDog.java:192)
	at org.dog.PuppyDog.getFamilyTree(PuppyDog.java:192)
	at org.dog.PuppyDog.getFamilyTree(PuppyDog.java:165)
	at org.dog.PuppyDog.getFamilyTree(PuppyDog.java:192)
	at org.dog.PuppyDog.getFamilyTree(PuppyDog.java:192)
	at org.dog.PuppyDog.getFamilyTree(PuppyDog.java:165)
	at org.dog.PuppyDog.getFamilyTree(PuppyDog.java:192)
	at org.dog.PuppyDog.getFamilyTree(PuppyDog.java:192)
	at org.dog.PuppyDog.getFamilyTree(PuppyDog.java:165)
	at org.dog.PuppyDog.getFamilyTree(PuppyDog.java:192)
	at org.dog.PuppyDog.getFamilyTree(PuppyDog.java:192)
	at org.dog.PuppyDog.getFamilyTree(PuppyDog.java:165)
	at org.dog.PuppyDog.getFamilyTree(PuppyDog.java:192)
	at org.dog.PuppyDog.getFamilyTree(PuppyDog.java:192)
	at org.dog.PuppyDog.getFamilyTree(PuppyDog.java:165)
	at org.dog.PuppyDog.getFamilyTree(PuppyDog.java:192)
	at org.dog.PuppyDog.getFamilyTree(PuppyDog.java:192)
	at org.dog.PuppyDog.getFamilyTree(PuppyDog.java:165)
	at org.dog.PuppyDog.getFamilyTree(PuppyDog.java:192)
	at org.dog.PuppyDog.getFamilyTree(PuppyDog.java:192)
	at org.dog.PuppyDog.getFamilyTree(PuppyDog.java:165)
	at org.dog.PuppyDog.getFamilyTree(PuppyDog.java:192)
	at org.dog.PuppyDog.getFamilyTree(PuppyDog.java:192)
	at org.dog.PuppyDog.getFamilyTree(PuppyDog.java:165)
	at org.dog.PuppyDog.getFamilyTree(PuppyDog.java:192)
	at org.dog.PuppyDog.getFamilyTree(PuppyDog.java:192)
	at org.dog.PuppyDog.getFamilyTree(PuppyDog.java:165)
	at org.dog.PuppyDog.getFamilyTree(PuppyDog.java:192)
	at org.dog.PuppyDog.getFamilyTree(PuppyDog.java:192)
	at org.dog.PuppyDog.getFamilyTree(PuppyDog.java:165)
	at org.dog.PuppyDog.getFamilyTree(PuppyDog.java:192)
	at org.dog.PuppyDog.getFamilyTree(PuppyDog.java:192)
	at org.dog.PuppyDog.getFamilyTree(PuppyDog.java:165)
	at org.dog.PuppyDog.getFamilyTree(PuppyDog.java:192)
	at org.dog.PuppyDog.getFamilyTree(PuppyDog.java:192)
	at org.dog.PuppyDog.getFamilyTree(PuppyDog.java:165)
	at org.dog.PuppyDog.getFamilyTree(PuppyDog.java:192)
	at org.dog.PuppyDog.getFamilyTree(PuppyDog.java:192)
	at org.dog.PuppyDog.getFamilyTree(PuppyDog.java:165)
	at org.dog.PuppyDog.getFamilyTree(PuppyDog.java:192)
	at org.dog.PuppyDog.getFamilyTree(PuppyDog.java:192)
	at org.dog.PuppyDog.getFamilyTree(PuppyDog.java:165)
	at org.dog.PuppyDog.getFamilyTree(PuppyDog.java:192)
	at org.dog.PuppyDog.getFamilyTree(PuppyDog.java:192)
	at org.dog.PuppyDog.getFamilyTree(PuppyDog.java:165)
	at org.dog.PuppyDog.getFamilyTree(PuppyDog.java:192)
	at org.dog.PuppyDog.getFamilyTree(PuppyDog.java:192)
	at org.dog.PuppyDog.getFamilyTree(PuppyDog.java:165)
	at org.dog.PuppyDog.getFamilyTree(PuppyDog.java:192)
	at org.dog.PuppyDog.getFamilyTree(PuppyDog.java:192)
	at org.dog.PuppyDog.getFamilyTree(PuppyDog.java:165)
	at org.dog.PuppyDog.getFamilyTree(PuppyDog.java:192)
	at org.dog.PuppyDog.getFamilyTree(PuppyDog.java:192)
	at org.dog.PuppyDog.getFamilyTree(PuppyDog.java:165)
	at org.dog.PuppyDog.getFamilyTree(PuppyDog.java:192)
	at org.dog.PuppyDog.getFamilyTree(PuppyDog.java:192)
	at org.dog.PuppyDog.getFamilyTree(PuppyDog.java:165)
	at org.dog.PuppyDog.getFamilyTree(PuppyDog.java:192)
	at org.dog.PuppyDog.getFamilyTree(PuppyDog.java:192)
	at org.dog.PuppyDog.getFamilyTree(PuppyDog.java:165)
	at org.dog.PuppyDog.getFamilyTree(PuppyDog.java:192)
	at org.dog.PuppyDog.getFamilyTree(PuppyDog.java:192)
	at org.dog.PuppyDog.getFamilyTree(PuppyDog.java:165)
	at org.dog.PuppyDog.getFamilyTree(PuppyDog.java:192)
	at org.dog.PuppyDog.getFamilyTree(PuppyDog.java:192)
	at org.dog.PuppyDog.getFamilyTree(PuppyDog.java:165)
	at org.dog.PuppyDog.getFamilyTree(PuppyDog.java:192)
	at org.dog.PuppyDog.getFamilyTree(PuppyDog.java:192)
	at org.dog.PuppyDog.getFamilyTree(PuppyDog.java:165)
	at org.dog.PuppyDog.getFamilyTree(PuppyDog.java:192)
	at org.dog.PuppyDog.getFamilyTree(PuppyDog.java:192)
	at org.dog.PuppyDog.getFamilyTree(PuppyDog.java:165)
	at org.dog.PuppyDog.getFamilyTree(PuppyDog.java:192)
	at org.dog.PuppyDog.getFamilyTree(PuppyDog.java:192)
	at org.dog.PuppyDog.getFamilyTree(PuppyDog.java:165)
	at org.dog.PuppyDog.getFamilyTree(PuppyDog.java:192)
	at org.dog.PuppyDog.getFamilyTree(PuppyDog.java:192)
	at org.dog.PuppyDog.getFamilyTree(PuppyDog.java:165)
	at org.dog.PuppyDog.getFamilyTree(PuppyDog.java:192)
	at org.dog.PuppyDog.getFamilyTree(PuppyDog.java:192)
	at org.dog.PuppyDog.getFamilyTree(PuppyDog.java:165)
	at org.dog.PuppyDog.getFamilyTree(PuppyDog.java:192)
	at org.dog.PuppyDog.getFamilyTree(PuppyDog.java:192)
	at org.dog.PuppyDog.getFamilyTree(PuppyDog.java:165)
	at org.dog.PuppyDog.getFamilyTree(PuppyDog.java:192)
	at org.dog.PuppyDog.getFamilyTree(PuppyDog.java:192)
	at org.dog.PuppyDog.getFamilyTree(PuppyDog.java:165)
	at org.dog.PuppyDog.getFamilyTree(PuppyDog.java:192)
	at org.dog.PuppyDog.getFamilyTree(PuppyDog.java:192)
	at org.dog.PuppyDog.getFamilyTree(PuppyDog.java:165)
	at org.dog.PuppyDog.getFamilyTree(PuppyDog.java:192)
	at org.dog.PuppyDog.getFamilyTree(PuppyDog.java:192)
	at org.dog.PuppyDog.getFamilyTree(PuppyDog.java:165)
	at org.dog.PuppyDog.getFamilyTree(PuppyDog.java:192)
	at org.dog.PuppyDog.getFamilyTree(PuppyDog.java:192)
	at org.dog.PuppyDog.getFamilyTree(PuppyDog.java:165)
	at org.dog.PuppyDog.getFamilyTree(PuppyDog.java:192)
	at org.dog.PuppyDog.getFamilyTree(PuppyDog.java:192)
	at org.dog.PuppyDog.getFamilyTree(PuppyDog.java:165)
	at org.dog.PuppyDog.getFamilyTree(PuppyDog.java:192)
	at org.dog.PuppyDog.getFamilyTree(PuppyDog.java:192)
	at org.dog.PuppyDog.getFamilyTree(PuppyDog.java:165)
	at org.dog.PuppyDog.getFamilyTree(PuppyDog.java:192)
	at org.dog.PuppyDog.getFamilyTree(PuppyDog.java:192)
	at org.dog.PuppyDog.getFamilyTree(PuppyDog.java:165)
	at org.dog.PuppyDog.getFamilyTree(PuppyDog.java:192)
	at org.dog.PuppyDog.getFamilyTree(PuppyDog.java:192)
	at org.dog.PuppyDog.getFamilyTree(PuppyDog.java:165)
	at org.dog.PuppyDog.getFamilyTree(PuppyDog.java:192)
	at org.dog.PuppyDog.getFamilyTree(PuppyDog.java:192)
	at org.dog.PuppyDog.getFamilyTree(PuppyDog.java:165)
	at org.dog.PuppyDog.getFamilyTree(PuppyDog.java:192)
	at org.dog.PuppyDog.getFamilyTree(PuppyDog.java:192)
	at org.dog.PuppyDog.getFamilyTree(PuppyDog.java:165)
	at org.dog.PuppyDog.getFamilyTree(PuppyDog.java:192)
	at org.dog.PuppyDog.getFamilyTree(PuppyDog.java:192)
	at org.dog.PuppyDog.getFamilyTree(PuppyDog.java:165)
	at org.dog.PuppyDog.getFamilyTree(PuppyDog.java:192)
	at org.dog.PuppyDog.getFamilyTree(PuppyDog.java:192)
	at org.dog.PuppyDog.getFamilyTree(PuppyDog.java:165)
	at org.dog.PuppyDog.getFamilyTree(PuppyDog.java:192)
	at org.dog.PuppyDog.getFamilyTree(PuppyDog.java:192)
	at org.dog.PuppyDog.getFamilyTree(PuppyDog.java:165)
	at org.dog.PuppyDog.getFamilyTree(PuppyDog.java:192)
	at org.dog.PuppyDog.getFamilyTree(PuppyDog.java:192)
	at org.dog.PuppyDog.getFamilyTree(PuppyDog.java:165)
	at org.dog.PuppyDog.getFamilyTree(PuppyDog.java:192)
	at org.dog.PuppyDog.getFamilyTree(PuppyDog.java:192)
	at org.dog.PuppyDog.getFamilyTree(PuppyDog.java:165)
	at org.dog.PuppyDog.getFamilyTree(PuppyDog.java:192)
	at org.dog.PuppyDog.getFamilyTree(PuppyDog.java:192)
	at org.dog.PuppyDog.getFamilyTree(PuppyDog.java:165)
	at org.dog.PuppyDog.getFamilyTree(PuppyDog.java:192)
	at org.dog.PuppyDog.getFamilyTree(PuppyDog.java:192)
	at org.dog.PuppyDog.getFamilyTree(PuppyDog.java:165)
	at org.dog.PuppyDog.getFamilyTree(PuppyDog.java:192)
	at org.dog.PuppyDog.getFamilyTree(PuppyDog.java:192)
	at org.dog.PuppyDog.getFamilyTree(PuppyDog.java:165)
	at org.dog.PuppyDog.getFamilyTree(PuppyDog.java:192)
	at org.dog.PuppyDog.getFamilyTree(PuppyDog.java:192)
	at org.dog.PuppyDog.getFamilyTree(PuppyDog.java:165)
	at org.dog.PuppyDog.getFamilyTree(PuppyDog.java:192)
	at org.dog.PuppyDog.getFamilyTree(PuppyDog.java:192)
	at org.dog.PuppyDog.getFamilyTree(PuppyDog.java:165)
	at org.dog.PuppyDog.getFamilyTree(PuppyDog.java:192)
	at org.dog.PuppyDog.getFamilyTree(PuppyDog.java:192)
	at org.dog.PuppyDog.getFamilyTree(PuppyDog.java:165)
	at org.dog.PuppyDog.getFamilyTree(PuppyDog.java:192)
	at org.dog.PuppyDog.getFamilyTree(PuppyDog.java:192)
	at org.dog.PuppyDog.getFamilyTree(PuppyDog.java:165)
	at org.dog.PuppyDog.getFamilyTree(PuppyDog.java:192)
	at org.dog.PuppyDog.getFamilyTree(PuppyDog.java:192)
	at org.dog.PuppyDog.getFamilyTree(PuppyDog.java:165)
	at org.dog.PuppyDog.getFamilyTree(PuppyDog.java:192)
	at org.dog.PuppyDog.getFamilyTree(PuppyDog.java:192)
	at org.dog.PuppyDog.getFamilyTree(PuppyDog.java:165)
	at org.dog.PuppyDog.getFamilyTree(PuppyDog.java:192)
	at org.dog.PuppyDog.getFamilyTree(PuppyDog.java:192)
	at org.dog.PuppyDog.getFamilyTree(PuppyDog.java:165)
	at org.dog.PuppyDog.getFamilyTree(PuppyDog.java:192)
	at org.dog.PuppyDog.getFamilyTree(PuppyDog.java:192)
	at org.dog.PuppyDog.getFamilyTree(PuppyDog.java:165)
	at org.dog.PuppyDog.getFamilyTree(PuppyDog.java:192)
	at org.dog.PuppyDog.getFamilyTree(PuppyDog.java:192)
	at org.dog.PuppyDog.getFamilyTree(PuppyDog.java:165)
	at org.dog.PuppyDog.getFamilyTree(PuppyDog.java:192)
	at org.dog.PuppyDog.getFamilyTree(PuppyDog.java:192)
	at org.dog.PuppyDog.getFamilyTree(PuppyDog.java:165)
	at org.dog.PuppyDog.getFamilyTree(PuppyDog.java:192)
	at org.dog.PuppyDog.getFamilyTree(PuppyDog.java:192)
	at org.dog.PuppyDog.getFamilyTree(PuppyDog.java:165)
	at org.dog.PuppyDog.getFamilyTree(PuppyDog.java:192)
	at org.dog.PuppyDog.getFamilyTree(PuppyDog.java:192)
	at org.dog.PuppyDog.getFamilyTree(PuppyDog.java:165)
	at org.dog.PuppyDog.getFamilyTree(PuppyDog.java:192)
	at org.dog.PuppyDog.getFamilyTree(PuppyDog.java:192)
	at org.dog.PuppyDog.getFamilyTree(PuppyDog.java:165)
	at org.dog.PuppyDog.getFamilyTree(PuppyDog.java:192)
	at org.dog.PuppyDog.getFamilyTree(PuppyDog.java:192)
	at org.dog.PuppyDog.getFamilyTree(PuppyDog.java:165)
	at org.dog.PuppyDog.getFamilyTree(PuppyDog.java:192)
	at org.dog.PuppyDog.getFamilyTree(PuppyDog.java:192)
	at org.dog.PuppyDog.getFamilyTree(PuppyDog.java:165)
	at org.dog.PuppyDog.getFamilyTree(PuppyDog.java:192)
	at org.dog.PuppyDog.getFamilyTree(PuppyDog.java:192)
	at org.dog.PuppyDog.getFamilyTree(PuppyDog.java:165)
	at org.dog.PuppyDog.getFamilyTree(PuppyDog.java:192)
	at org.dog.PuppyDog.getFamilyTree(PuppyDog.java:192)
	at org.dog.PuppyDog.getFamilyTree(PuppyDog.java:165)
	at org.dog.PuppyDog.getFamilyTree(PuppyDog.java:192)
	at org.dog.PuppyDog.getFamilyTree(PuppyDog.java:192)
	at org.dog.PuppyDog.getFamilyTree(PuppyDog.java:165)
	at org.dog.PuppyDog.getFamilyTree(PuppyDog.java:192)
	at org.dog.PuppyDog.getFamilyTree(PuppyDog.java:192)
	at org.dog.PuppyDog.getFamilyTree(PuppyDog.java:165)
	at org.dog.PuppyDog.getFamilyTree(PuppyDog.java:192)
	at org.dog.PuppyDog.getFamilyTree(PuppyDog.java:192)
	at org.dog.PuppyDog.getFamilyTree(PuppyDog.java:165)
	at org.dog.PuppyDog.getFamilyTree(PuppyDog.java:192)
	at org.dog.PuppyDog.getFamilyTree(PuppyDog.java:192)
	at org.dog.PuppyDog.getFamilyTree(PuppyDog.java:165)
	at org.dog.PuppyDog.getFamilyTree(PuppyDog.java:192)
	at org.dog.PuppyDog.getFamilyTree(PuppyDog.java:192)
	at org.dog.PuppyDog.getFamilyTree(PuppyDog.java:165)
	at org.dog.PuppyDog.getFamilyTree(PuppyDog.java:192)
	at org.dog.PuppyDog.getFamilyTree(PuppyDog.java:192)
	at org.dog.PuppyDog.getFamilyTree(PuppyDog.java:165)
	at org.dog.PuppyDog.getFamilyTree(PuppyDog.java:192)
	at org.dog.PuppyDog.getFamilyTree(PuppyDog.java:192)
	at org.dog.PuppyDog.getFamilyTree(PuppyDog.java:165)
	at org.dog.PuppyDog.getFamilyTree(PuppyDog.java:192)
	at org.dog.PuppyDog.getFamilyTree(PuppyDog.java:192)
	at org.dog.PuppyDog.getFamilyTree(PuppyDog.java:165)
	at org.dog.PuppyDog.getFamilyTree(PuppyDog.java:192)
	at org.dog.PuppyDog.getFamilyTree(PuppyDog.java:192)
	at org.dog.PuppyDog.getFamilyTree(PuppyDog.java:165)
	at org.dog.PuppyDog.getFamilyTree(PuppyDog.java:192)
	at org.dog.PuppyDog.getFamilyTree(PuppyDog.java:192)
	at org.dog.PuppyDog.getFamilyTree(PuppyDog.java:165)
	at org.dog.PuppyDog.getFamilyTree(PuppyDog.java:192)
	at org.dog.PuppyDog.getFamilyTree(PuppyDog.java:192)
	at org.dog.PuppyDog.getFamilyTree(PuppyDog.java:165)
	at org.dog.PuppyDog.getFamilyTree(PuppyDog.java:192)
	at org.dog.PuppyDog.getFamilyTree(PuppyDog.java:192)
	at org.dog.PuppyDog.getFamilyTree(PuppyDog.java:165)
	at org.dog.PuppyDog.getFamilyTree(PuppyDog.java:192)
	at org.dog.PuppyDog.getFamilyTree(PuppyDog.java:192)
	at org.dog.PuppyDog.getFamilyTree(PuppyDog.java:165)
	at org.dog.PuppyDog.getFamilyTree(PuppyDog.java:192)
	at org.dog.PuppyDog.getFamilyTree(PuppyDog.java:192)
	at org.dog.PuppyDog.getFamilyTree(PuppyDog.java:165)
	at org.dog.PuppyDog.getFamilyTree(PuppyDog.java:192)
	at org.dog.PuppyDog.getFamilyTree(PuppyDog.java:192)
	at org.dog.PuppyDog.getFamilyTree(PuppyDog.java:165)
	at org.dog.PuppyDog.getFamilyTree(PuppyDog.java:192)
	at org.dog.PuppyDog.getFamilyTree(PuppyDog.java:192)
	at org.dog.PuppyDog.getFamilyTree(PuppyDog.java:165)
	at org.dog.PuppyDog.getFamilyTree(PuppyDog.java:192)
	at org.dog.PuppyDog.getFamilyTree(PuppyDog.java:192)
	at org.dog.PuppyDog.getFamilyTree(PuppyDog.java:165)
	at org.dog.PuppyDog.getFamilyTree(PuppyDog.java:192)
	at org.dog.PuppyDog.getFamilyTree(PuppyDog.java:192)
	at org.dog.PuppyDog.getFamilyTree(PuppyDog.java:165)
	at org.dog.PuppyDog.getFamilyTree(PuppyDog.java:192)
	at org.dog.PuppyDog.getFamilyTree(PuppyDog.java:192)
	at org.dog.PuppyDog.getFamilyTree(PuppyDog.java:165)
	at org.dog.PuppyDog.getFamilyTree(PuppyDog.java:192)
	at org.dog.PuppyDog.getFamilyTree(PuppyDog.java:192)
	at org.dog.PuppyDog.getFamilyTree(PuppyDog.java:165)
	at org.dog.PuppyDog.getFamilyTree(PuppyDog.java:192)
	at org.dog.PuppyDog.getFamilyTree(PuppyDog.java:192)
	at org.dog.PuppyDog.getFamilyTree(PuppyDog.java:165)
	at org.dog.PuppyDog.getFamilyTree(PuppyDog.java:192)
	at org.dog.PuppyDog.getFamilyTree(PuppyDog.java:192)
	at org.dog.PuppyDog.getFamilyTree(PuppyDog.java:165)
	at org.dog.PuppyDog.getFamilyTree(PuppyDog.java:192)
	at org.dog.PuppyDog.getFamilyTree(PuppyDog.java:192)
	at org.dog.PuppyDog.getFamilyTree(PuppyDog.java:165)
	at org.dog.PuppyDog.getFamilyTree(PuppyDog.java:192)
	at org.dog.PuppyDog.getFamilyTree(PuppyDog.java:192)
	at org.dog.PuppyDog.getFamilyTree(PuppyDog.java:165)
	at org.dog.PuppyDog.getFamilyTree(PuppyDog.java:192)
	at org.dog.PuppyDog.getFamilyTree(PuppyDog.java:192)
	at org.dog.PuppyDog.getFamilyTree(PuppyDog.java:165)
	at org.dog.PuppyDog.getFamilyTree(PuppyDog.java:192)
	at org.dog.PuppyDog.getFamilyTree(PuppyDog.java:192)
	at org.dog.PuppyDog.getFamilyTree(PuppyDog.java:165)
	at org.dog.PuppyDog.getFamilyTree(PuppyDog.java:192)
	at org.dog.PuppyDog.getFamilyTree(PuppyDog.java:192)
	at org.dog.PuppyDog.getFamilyTree(PuppyDog.java:165)
	at org.dog.PuppyDog.getFamilyTree(PuppyDog.java:192)
	at org.dog.PuppyDog.getFamilyTree(PuppyDog.java:192)
	at org.dog.PuppyDog.getFamilyTree(PuppyDog.java:165)
	at org.dog.PuppyDog.getFamilyTree(PuppyDog.java:192)
	at org.dog.PuppyDog.getFamilyTree(PuppyDog.java:192)
	at org.dog.PuppyDog.getFamilyTree(PuppyDog.java:165)
	at org.dog.PuppyDog.getFamilyTree(PuppyDog.java:192)
	at org.dog.PuppyDog.getFamilyTree(PuppyDog.java:192)
	at org.dog.PuppyDog.getFamilyTree(PuppyDog.java:165)
	at org.dog.PuppyDog.getFamilyTree(PuppyDog.java:192)
	at org.dog.PuppyDog.getFamilyTree(PuppyDog.java:192)
	at org.dog.PuppyDog.getFamilyTree(PuppyDog.java:165)
	at org.dog.PuppyDog.getFamilyTree(PuppyDog.java:192)
	at org.dog.PuppyDog.getFamilyTree(PuppyDog.java:192)
	at org.dog.PuppyDog.getFamilyTree(PuppyDog.java:165)
	at org.dog.PuppyDog.getFamilyTree(PuppyDog.java:192)
	at org.dog.PuppyDog.getFamilyTree(PuppyDog.java:192)
	at org.dog.PuppyDog.getFamilyTree(PuppyDog.java:165)
	at org.dog.PuppyDog.getFamilyTree(PuppyDog.java:192)
	at org.dog.PuppyDog.getFamilyTree(PuppyDog.java:192)
	at org.dog.PuppyDog.getFamilyTree(PuppyDog.java:165)
	at org.dog.PuppyDog.getFamilyTree(PuppyDog.java:192)
	at org.dog.PuppyDog.getFamilyTree(PuppyDog.java:192)
	at org.dog.PuppyDog.getFamilyTree(PuppyDog.java:165)
	at org.dog.PuppyDog.getFamilyTree(PuppyDog.java:192)
	at org.dog.PuppyDog.getFamilyTree(PuppyDog.java:192)
	at org.dog.PuppyDog.getFamilyTree(PuppyDog.java:165)
	at org.dog.PuppyDog.getFamilyTree(PuppyDog.java:192)
	at org.dog.PuppyDog.getFamilyTree(PuppyDog.java:192)
	at org.dog.PuppyDog.getFamilyTree(PuppyDog.java:165)
	at org.dog.PuppyDog.getFamilyTree(PuppyDog.java:192)
	at org.dog.PuppyDog.getFamilyTree(PuppyDog.java:192)
	at org.dog.PuppyDog.getFamilyTree(PuppyDog.java:165)
	at org.dog.PuppyDog.getFamilyTree(PuppyDog.java:192)
	at org.dog.PuppyDog.getFamilyTree(PuppyDog.java:192)
	at org.dog.PuppyDog.getFamilyTree(PuppyDog.java:165)
	at org.dog.PuppyDog.getFamilyTree(PuppyDog.java:192)
	at org.dog.PuppyDog.getFamilyTree(PuppyDog.java:192)
	at org.dog.PuppyDog.getFamilyTree(PuppyDog.java:165)
	at org.dog.PuppyDog.getFamilyTree(PuppyDog.java:192)
	at org.dog.PuppyDog.getFamilyTree(PuppyDog.java:192)
	at org.dog.PuppyDog.getFamilyTree(PuppyDog.java:165)
	at org.dog.PuppyDog.getFamilyTree(PuppyDog.java:192)
	at org.dog.PuppyDog.getFamilyTree(PuppyDog.java:192)
	at org.dog.PuppyDog.getFamilyTree(PuppyDog.java:165)
	at org.dog.PuppyDog.getFamilyTree(PuppyDog.java:192)
	at org.dog.PuppyDog.getFamilyTree(PuppyDog.java:192)
	at org.dog.PuppyDog.getFamilyTree(PuppyDog.java:165)
	at org.dog.PuppyDog.getFamilyTree(PuppyDog.java:192)
	at org.dog.PuppyDog.getFamilyTree(PuppyDog.java:192)
	at org.dog.PuppyDog.getFamilyTree(PuppyDog.java:165)
	at org.dog.PuppyDog.getFamilyTree(PuppyDog.java:192)
	at org.dog.PuppyDog.getFamilyTree(PuppyDog.java:192)
	at org.dog.PuppyDog.getFamilyTree(PuppyDog.java:165)
	at org.dog.PuppyDog.getFamilyTree(PuppyDog.java:192)
	at org.dog.PuppyDog.getFamilyTree(PuppyDog.java:192)
	at org.dog.PuppyDog.getFamilyTree(PuppyDog.java:165)
	at org.dog.PuppyDog.getFamilyTree(PuppyDog.java:192)
	at org.dog.PuppyDog.getFamilyTree(PuppyDog.java:192)
	at org.dog.PuppyDog.getFamilyTree(PuppyDog.java:165)
	at org.dog.PuppyDog.getFamilyTree(PuppyDog.java:192)
	at org.dog.PuppyDog.getFamilyTree(PuppyDog.java:192)
	at org.dog.PuppyDog.getFamilyTree(PuppyDog.java:165)
	at org.dog.PuppyDog.getFamilyTree(PuppyDog.java:192)
	at org.dog.PuppyDog.getFamilyTree(PuppyDog.java:192)
	at org.dog.PuppyDog.getFamilyTree(PuppyDog.java:165)
	at org.dog.PuppyDog.getFamilyTree(PuppyDog.java:192)
	at org.dog.PuppyDog.getFamilyTree(PuppyDog.java:192)
	at org.dog.PuppyDog.getFamilyTree(PuppyDog.java:165)
	at org.dog.PuppyDog.getFamilyTree(PuppyDog.java:192)
	at org.dog.PuppyDog.getFamilyTree(PuppyDog.java:192)
	at org.dog.PuppyDog.getFamilyTree(PuppyDog.java:165)
	at org.dog.PuppyDog.getFamilyTree(PuppyDog.java:192)
	at org.dog.PuppyDog.getFamilyTree(PuppyDog.java:192)
	at org.dog.PuppyDog.getFamilyTree(PuppyDog.java:165)
	at org.dog.PuppyDog.getFamilyTree(PuppyDog.java:192)
	at org.dog.PuppyDog.getFamilyTree(PuppyDog.java:192)
	at org.dog.PuppyDog.getFamilyTree(PuppyDog.java:165)
	at org.dog.PuppyDog.getFamilyTree(PuppyDog.java:192)
	at org.dog.PuppyDog.getFamilyTree(PuppyDog.java:192)
	at org.dog.PuppyDog.getFamilyTree(PuppyDog.java:165)
	at org.dog.PuppyDog.getFamilyTree(PuppyDog.java:192)
	at org.dog.PuppyDog.getFamilyTree(PuppyDog.java:192)
	at org.dog.PuppyDog.getFamilyTree(PuppyDog.java:165)
	at org.dog.PuppyDog.getFamilyTree(PuppyDog.java:192)
	at org.dog.PuppyDog.getFamilyTree(PuppyDog.java:192)
	at org.dog.PuppyDog.getFamilyTree(PuppyDog.java:165)
	at org.dog.PuppyDog.getFamilyTree(PuppyDog.java:192)
	at org.dog.PuppyDog.getFamilyTree(PuppyDog.java:192)
	at org.dog.PuppyDog.getFamilyTree(PuppyDog.java:165)
	at org.dog.PuppyDog.getFamilyTree(PuppyDog.java:192)
	at org.dog.PuppyDog.getFamilyTree(PuppyDog.java:192)
	at org.dog.PuppyDog.getFamilyTree(PuppyDog.java:165)
	at org.dog.PuppyDog.getFamilyTree(PuppyDog.java:192)
	at org.dog.PuppyDog.getFamilyTree(PuppyDog.java:192)
	at org.dog.PuppyDog.getFamilyTree(PuppyDog.java:165)
	at org.dog.PuppyDog.getFamilyTree(PuppyDog.java:192)
	at org.dog.PuppyDog.getFamilyTree(PuppyDog.java:192)
	at org.dog.PuppyDog.getFamilyTree(PuppyDog.java:165)
	at org.dog.PuppyDog.getFamilyTree(PuppyDog.java:192)
	at org.dog.PuppyDog.getFamilyTree(PuppyDog.java:192)
	at org.dog.PuppyDog.getFamilyTree(PuppyDog.java:165)
	at org.dog.PuppyDog.getFamilyTree(PuppyDog.java:192)
	at org.dog.PuppyDog.getFamilyTree(PuppyDog.java:192)
	at org.dog.PuppyDog.getFamilyTree(PuppyDog.java:165)
	at org.dog.PuppyDog.getFamilyTree(PuppyDog.java:192)
	at org.dog.PuppyDog.getFamilyTree(PuppyDog.java:192)
	at org.dog.PuppyDog.getFamilyTree(PuppyDog.java:165)
	at org.dog.PuppyDog.getFamilyTree(PuppyDog.java:192)
	at org.dog.PuppyDog.getFamilyTree(PuppyDog.java:192)
	at org.dog.PuppyDog.getFamilyTree(PuppyDog.java:165)
	at org.dog.PuppyDog.getFamilyTree(PuppyDog.java:192)
	at org.dog.PuppyDog.getFamilyTree(PuppyDog.java:192)
	at org.dog.PuppyDog.getFamilyTree(PuppyDog.java:165)
	at org.dog.PuppyDog.getFamilyTree(PuppyDog.java:192)
	at org.dog.PuppyDog.getFamilyTree(PuppyDog.java:192)
	at org.dog.PuppyDog.getFamilyTree(PuppyDog.java:165)
	at org.dog.PuppyDog.getFamilyTree(PuppyDog.java:192)
	at org.dog.PuppyDog.getFamilyTree(PuppyDog.java:192)
	at org.dog.PuppyDog.getFamilyTree(PuppyDog.java:165)
	at org.dog.PuppyDog.getFamilyTree(PuppyDog.java:192)
	at org.dog.PuppyDog.getFamilyTree(PuppyDog.java:192)
	at org.dog.PuppyDog.getFamilyTree(PuppyDog.java:165)
	at org.dog.PuppyDog.getFamilyTree(PuppyDog.java:192)
	at org.dog.PuppyDog.getFamilyTree(PuppyDog.java:192)
	at org.dog.PuppyDog.getFamilyTree(PuppyDog.java:165)
	at org.dog.PuppyDog.getFamilyTree(PuppyDog.java:192)
	at org.dog.PuppyDog.getFamilyTree(PuppyDog.java:192)
	at org.dog.PuppyDog.getFamilyTree(PuppyDog.java:165)
	at org.dog.PuppyDog.getFamilyTree(PuppyDog.java:192)
	at org.dog.PuppyDog.getFamilyTree(PuppyDog.java:192)
	at org.dog.PuppyDog.getFamilyTree(PuppyDog.java:165)
	at org.dog.PuppyDog.getFamilyTree(PuppyDog.java:192)
	at org.dog.PuppyDog.getFamilyTree(PuppyDog.java:192)
	at org.dog.PuppyDog.getFamilyTree(PuppyDog.java:165)
	at org.dog.PuppyDog.getFamilyTree(PuppyDog.java:192)
	at org.dog.PuppyDog.getFamilyTree(PuppyDog.java:192)
	at org.dog.PuppyDog.getFamilyTree(PuppyDog.java:165)
	at org.dog.PuppyDog.getFamilyTree(PuppyDog.java:192)
	at org.dog.PuppyDog.getFamilyTree(PuppyDog.java:192)
	at org.dog.PuppyDog.getFamilyTree(PuppyDog.java:165)
	at org.dog.PuppyDog.getFamilyTree(PuppyDog.java:192)
	at org.dog.PuppyDog.getFamilyTree(PuppyDog.java:192)
	at org.dog.PuppyDog.getFamilyTree(PuppyDog.java:165)
	at org.dog.PuppyDog.getFamilyTree(PuppyDog.java:192)
	at org.dog.PuppyDog.getFamilyTree(PuppyDog.java:192)
	at org.dog.PuppyDog.getFamilyTree(PuppyDog.java:165)
	at org.dog.PuppyDog.getFamilyTree(PuppyDog.java:192)
	at org.dog.PuppyDog.getFamilyTree(PuppyDog.java:192)
	at org.dog.PuppyDog.getFamilyTree(PuppyDog.java:165)
	at org.dog.PuppyDog.getFamilyTree(PuppyDog.java:192)
	at org.dog.PuppyDog.getFamilyTree(PuppyDog.java:192)
	at org.dog.PuppyDog.getFamilyTree(PuppyDog.java:165)
	at org.dog.PuppyDog.getFamilyTree(PuppyDog.java:192)
	at org.dog.PuppyDog.getFamilyTree(PuppyDog.java:192)
	at org.dog.PuppyDog.getFamilyTree(PuppyDog.java:165)
	at org.dog.PuppyDog.getFamilyTree(PuppyDog.java:192)
	at org.dog.PuppyDog.getFamilyTree(PuppyDog.java:192)
	at org.dog.PuppyDog.getFamilyTree(PuppyDog.java:165)
	at org.dog.PuppyDog.getFamilyTree(PuppyDog.java:192)
	at org.dog.PuppyDog.getFamilyTree(PuppyDog.java:192)
	at org.dog.PuppyDog.getFamilyTree(PuppyDog.java:165)
	at org.dog.PuppyDog.getFamilyTree(PuppyDog.java:192)
	at org.dog.PuppyDog.getFamilyTree(PuppyDog.java:192)
	at org.dog.PuppyDog.getFamilyTree(PuppyDog.java:165)
	at org.dog.PuppyDog.getFamilyTree(PuppyDog.java:192)
	at org.dog.PuppyDog.getFamilyTree(PuppyDog.java:192)
	at org.dog.PuppyDog.getFamilyTree(PuppyDog.java:165)
	at org.dog.PuppyDog.getFamilyTree(PuppyDog.java:192)
	at org.dog.PuppyDog.getFamilyTree(PuppyDog.java:192)
	at org.dog.PuppyDog.getFamilyTree(PuppyDog.java:165)
	at org.dog.PuppyDog.getFamilyTree(PuppyDog.java:192)
	at org.dog.PuppyDog.getFamilyTree(PuppyDog.java:192)
	at org.dog.PuppyDog.getFamilyTree(PuppyDog.java:165)
	at org.dog.PuppyDog.getFamilyTree(PuppyDog.java:192)
	at org.dog.PuppyDog.getFamilyTree(PuppyDog.java:192)
	at org.dog.PuppyDog.getFamilyTree(PuppyDog.java:165)
	at org.dog.PuppyDog.getFamilyTree(PuppyDog.java:192)
	at org.dog.PuppyDog.getFamilyTree(PuppyDog.java:192)
	at org.dog.PuppyDog.getFamilyTree(PuppyDog.java:165)
	at org.dog.PuppyDog.getFamilyTree(PuppyDog.java:192)
	at org.dog.PuppyDog.getFamilyTree(PuppyDog.java:192)
	at org.dog.PuppyDog.getFamilyTree(PuppyDog.java:165)
	at org.dog.PuppyDog.getFamilyTree(PuppyDog.java:192)
	at org.dog.PuppyDog.getFamilyTree(PuppyDog.java:192)
	at org.dog.PuppyDog.getFamilyTree(PuppyDog.java:165)
	at org.dog.PuppyDog.getFamilyTree(PuppyDog.java:192)
	at org.dog.PuppyDog.getFamilyTree(PuppyDog.java:192)
	at org.dog.PuppyDog.getFamilyTree(PuppyDog.java:165)
	at org.dog.PuppyDog.getFamilyTree(PuppyDog.java:192)
	at org.dog.PuppyDog.getFamilyTree(PuppyDog.java:192)
	at org.dog.PuppyDog.getFamilyTree(PuppyDog.java:165)
	at org.dog.PuppyDog.getFamilyTree(PuppyDog.java:192)
	at org.dog.PuppyDog.getFamilyTree(PuppyDog.java:192)
	at org.dog.PuppyDog.getFamilyTree(PuppyDog.java:165)
	at org.dog.PuppyDog.getFamilyTree(PuppyDog.java:192)
	at org.dog.PuppyDog.getFamilyTree(PuppyDog.java:192)
	at org.dog.PuppyDog.getFamilyTree(PuppyDog.java:165)
	at org.dog.PuppyDog.getFamilyTree(PuppyDog.java:192)
	at org.dog.PuppyDog.getFamilyTree(PuppyDog.java:192)
	at org.dog.PuppyDog.getFamilyTree(PuppyDog.java:165)
	at org.dog.PuppyDog.getFamilyTree(PuppyDog.java:192)
	at org.dog.PuppyDog.getFamilyTree(PuppyDog.java:192)
	at org.dog.PuppyDog.getFamilyTree(PuppyDog.java:165)
	at org.dog.PuppyDog.getFamilyTree(PuppyDog.java:192)
	at org.dog.PuppyDog.getFamilyTree(PuppyDog.java:192)
	at org.dog.PuppyDog.getFamilyTree(PuppyDog.java:165)
	at org.dog.PuppyDog.getFamilyTree(PuppyDog.java:192)
	at org.dog.PuppyDog.getFamilyTree(PuppyDog.java:192)
	at org.dog.PuppyDog.getFamilyTree(PuppyDog.java:165)
	at org.dog.PuppyDog.getFamilyTree(PuppyDog.java:192)
	at org.dog.PuppyDog.getFamilyTree(PuppyDog.java:192)
	at org.dog.PuppyDog.getFamilyTree(PuppyDog.java:165)
	at org.dog.PuppyDog.getFamilyTree(PuppyDog.java:192)
	at org.dog.PuppyDog.getFamilyTree(PuppyDog.java:192)
	at org.dog.PuppyDog.getFamilyTree(PuppyDog.java:165)
	at org.dog.PuppyDog.getFamilyTree(PuppyDog.java:192)
	at org.dog.PuppyDog.getFamilyTree(PuppyDog.java:192)
	at org.dog.PuppyDog.getFamilyTree(PuppyDog.java:165)
	at org.dog.PuppyDog.getFamilyTree(PuppyDog.java:192)
	at org.dog.PuppyDog.getFamilyTree(PuppyDog.java:192)
	at org.dog.PuppyDog.getFamilyTree(PuppyDog.java:165)
	at org.dog.PuppyDog.getFamilyTree(PuppyDog.java:192)
	at org.dog.PuppyDog.getFamilyTree(PuppyDog.java:192)
	at org.dog.PuppyDog.getFamilyTree(PuppyDog.java:165)
	at org.dog.PuppyDog.getFamilyTree(PuppyDog.java:192)
	at org.dog.PuppyDog.getFamilyTree(PuppyDog.java:192)
	at org.dog.PuppyDog.getFamilyTree(PuppyDog.java:165)
	at org.dog.PuppyDog.getFamilyTree(PuppyDog.java:192)
	at org.dog.PuppyDog.getFamilyTree(PuppyDog.java:192)
	at org.dog.PuppyDog.getFamilyTree(PuppyDog.java:165)
	at org.dog.PuppyDog.getFamilyTree(PuppyDog.java:192)
	at org.dog.PuppyDog.getFamilyTree(PuppyDog.java:192)
	at org.dog.PuppyDog.getFamilyTree(PuppyDog.java:165)
	at org.dog.PuppyDog.getFamilyTree(PuppyDog.java:192)
	at org.dog.PuppyDog.getFamilyTree(PuppyDog.java:192)
	at org.dog.PuppyDog.getFamilyTree(PuppyDog.java:165)
	at org.dog.PuppyDog.getFamilyTree(PuppyDog.java:192)
	at org.dog.PuppyDog.getFamilyTree(PuppyDog.java:192)
	at org.dog.PuppyDog.getFamilyTree(PuppyDog.java:165)
	at org.dog.PuppyDog.getFamilyTree(PuppyDog.java:192)
	at org.dog.PuppyDog.getFamilyTree(PuppyDog.java:192)
	at org.dog.PuppyDog.getFamilyTree(PuppyDog.java:165)
	at org.dog.PuppyDog.getFamilyTree(PuppyDog.java:192)
	at org.dog.PuppyDog.getFamilyTree(PuppyDog.java:192)
	at org.dog.PuppyDog.getFamilyTree(PuppyDog.java:165)
	at org.dog.PuppyDog.getFamilyTree(PuppyDog.java:192)
	at org.dog.PuppyDog.getFamilyTree(PuppyDog.java:192)
	at org.dog.PuppyDog.getFamilyTree(PuppyDog.java:165)
	at org.dog.PuppyDog.getFamilyTree(PuppyDog.java:192)
	at org.dog.PuppyDog.getFamilyTree(PuppyDog.java:192)
	at org.dog.PuppyDog.getFamilyTree(PuppyDog.java:165)
	at org.dog.PuppyDog.getFamilyTree(PuppyDog.java:192)
	at org.dog.PuppyDog.getFamilyTree(PuppyDog.java:192)
	at org.dog.PuppyDog.getFamilyTree(PuppyDog.java:165)
	at org.dog.PuppyDog.getFamilyTree(PuppyDog.java:192)
	at org.dog.PuppyDog.getFamilyTree(PuppyDog.java:192)
	at org.dog.PuppyDog.getFamilyTree(PuppyDog.java:165)
	at org.dog.PuppyDog.getFamilyTree(PuppyDog.java:192)
	at org.dog.PuppyDog.getFamilyTree(PuppyDog.java:192)
	at org.dog.PuppyDog.getFamilyTree(PuppyDog.java:165)
	at org.dog.PuppyDog.getFamilyTree(PuppyDog.java:192)
	at org.dog.PuppyDog.getFamilyTree(PuppyDog.java:192)
	at org.dog.PuppyDog.getFamilyTree(PuppyDog.java:165)
	at org.dog.PuppyDog.getFamilyTree(PuppyDog.java:192)
	at org.dog.PuppyDog.getFamilyTree(PuppyDog.java:192)
	at org.dog.PuppyDog.getFamilyTree(PuppyDog.java:165)
	at org.dog.PuppyDog.getFamilyTree(PuppyDog.java:192)
	at org.dog.PuppyDog.getFamilyTree(PuppyDog.java:192)
	at org.dog.PuppyDog.getFamilyTree(PuppyDog.java:165)
	at org.dog.PuppyDog.getFamilyTree(PuppyDog.java:192)
	at org.dog.PuppyDog.getFamilyTree(PuppyDog.java:192)
	at org.dog.PuppyDog.getFamilyTree(PuppyDog.java:165)
	at org.dog.PuppyDog.getFamilyTree(PuppyDog.java:192)
	at org.dog.PuppyDog.getFamilyTree(PuppyDog.java:192)
	at org.dog.PuppyDog.getFamilyTree(PuppyDog.java:165)
	at org.dog.PuppyDog.getFamilyTree(PuppyDog.java:192)
	at org.dog.PuppyDog.getFamilyTree(PuppyDog.java:192)
	at org.dog.PuppyDog.getFamilyTree(PuppyDog.java:165)
	at org.dog.PuppyDog.getFamilyTree(PuppyDog.java:192)
	at org.dog.PuppyDog.getFamilyTree(PuppyDog.java:192)
	at org.dog.PuppyDog.getFamilyTree(PuppyDog.java:165)
	at org.dog.PuppyDog.getFamilyTree(PuppyDog.java:192)
	at org.dog.PuppyDog.getFamilyTree(PuppyDog.java:192)
	at org.dog.PuppyDog.getFamilyTree(PuppyDog.java:165)
	at org.dog.PuppyDog.getFamilyTree(PuppyDog.java:192)
	at org.dog.PuppyDog.getFamilyTree(PuppyDog.java:192)
	at org.dog.PuppyDog.getFamilyTree(PuppyDog.java:165)
	at org.dog.PuppyDog.getFamilyTree(PuppyDog.java:192)
	at org.dog.PuppyDog.getFamilyTree(PuppyDog.java:192)
	at org.dog.PuppyDog.getFamilyTree(PuppyDog.java:165)
	at org.dog.PuppyDog.getFamilyTree(PuppyDog.java:192)
	at org.dog.PuppyDog.getFamilyTree(PuppyDog.java:192)
	at org.dog.PuppyDog.getFamilyTree(PuppyDog.java:165)
	at org.dog.PuppyDog.getFamilyTree(PuppyDog.java:192)
	at org.dog.PuppyDog.getFamilyTree(PuppyDog.java:192)
	at org.dog.PuppyDog.getFamilyTree(PuppyDog.java:165)
	at org.dog.PuppyDog.getFamilyTree(PuppyDog.java:192)
	at org.dog.PuppyDog.getFamilyTree(PuppyDog.java:192)
	at org.dog.PuppyDog.getFamilyTree(PuppyDog.java:165)
	at org.dog.PuppyDog.getFamilyTree(PuppyDog.java:192)
	at org.dog.PuppyDog.getFamilyTree(PuppyDog.java:192)
	at org.dog.PuppyDog.getFamilyTree(PuppyDog.java:165)
	at org.dog.PuppyDog.getFamilyTree(PuppyDog.java:192)
	at org.dog.PuppyDog.getFamilyTree(PuppyDog.java:192)
	at org.dog.PuppyDog.getFamilyTree(PuppyDog.java:165)
	at org.dog.PuppyDog.getFamilyTree(PuppyDog.java:192)
	at org.dog.PuppyDog.getFamilyTree(PuppyDog.java:192)
	at org.dog.PuppyDog.getFamilyTree(PuppyDog.java:165)
	at org.dog.PuppyDog.getFamilyTree(PuppyDog.java:192)
	at org.dog.PuppyDog.getFamilyTree(PuppyDog.java:192)
	at org.dog.PuppyDog.getFamilyTree(PuppyDog.java:165)
	at org.dog.PuppyDog.getFamilyTree(PuppyDog.java:192)
	at org.dog.PuppyDog.getFamilyTree(PuppyDog.java:192)
	at org.dog.PuppyDog.getFamilyTree(PuppyDog.java:165)
	at org.dog.PuppyDog.getFamilyTree(PuppyDog.java:192)
	at org.dog.PuppyDog.getFamilyTree(PuppyDog.java:192)
	at org.dog.PuppyDog.getFamilyTree(PuppyDog.java:165)
	at org.dog.PuppyDog.getFamilyTree(PuppyDog.java:192)
	at org.dog.PuppyDog.getFamilyTree(PuppyDog.java:192)
	at org.dog.PuppyDog.getFamilyTree(PuppyDog.java:165)
	at org.dog.PuppyDog.getFamilyTree(PuppyDog.java:192)
	at org.dog.PuppyDog.getFamilyTree(PuppyDog.java:192)
	at org.dog.PuppyDog.getFamilyTree(PuppyDog.java:165)
	at org.dog.PuppyDog.getFamilyTree(PuppyDog.java:192)
	at org.dog.PuppyDog.getFamilyTree(PuppyDog.java:192)
	at org.dog.PuppyDog.getFamilyTree(PuppyDog.java:165)
	at org.dog.PuppyDog.getFamilyTree(PuppyDog.java:192)
	at org.dog.PuppyDog.getFamilyTree(PuppyDog.java:192)
	at org.dog.PuppyDog.getFamilyTree(PuppyDog.java:165)
	at org.dog.PuppyDog.getFamilyTree(PuppyDog.java:192)
	at org.dog.PuppyDog.getFamilyTree(PuppyDog.java:192)
	at org.dog.PuppyDog.getFamilyTree(PuppyDog.java:165)
	at org.dog.PuppyDog.getFamilyTree(PuppyDog.java:192)
	at org.dog.PuppyDog.getFamilyTree(PuppyDog.java:192)
	at org.dog.PuppyDog.getFamilyTree(PuppyDog.java:165)
	at org.dog.PuppyDog.getFamilyTree(PuppyDog.java:192)
	at org.dog.PuppyDog.getFamilyTree(PuppyDog.java:192)
	at org.dog.PuppyDog.getFamilyTree(PuppyDog.java:165)
	at org.dog.PuppyDog.getFamilyTree(PuppyDog.java:192)
	at org.dog.PuppyDog.getFamilyTree(PuppyDog.java:192)
	at org.dog.PuppyDog.getFamilyTree(PuppyDog.java:165)
	at org.dog.PuppyDog.getFamilyTree(PuppyDog.java:192)
	at org.dog.PuppyDog.getFamilyTree(PuppyDog.java:192)
	at org.dog.PuppyDog.getFamilyTree(PuppyDog.java:165)
	at org.dog.PuppyDog.getFamilyTree(PuppyDog.java:192)
	at org.dog.PuppyDog.getFamilyTree(PuppyDog.java:192)
	at org.dog.PuppyDog.getFamilyTree(PuppyDog.java:165)
	at org.dog.PuppyDog.getFamilyTree(PuppyDog.java:192)
	at org.dog.PuppyDog.getFamilyTree(PuppyDog.java:192)
	at org.dog.PuppyDog.getFamilyTree(PuppyDog.java:165)
	at org.dog.PuppyDog.getFamilyTree(PuppyDog.java:192)
	at org.dog.PuppyDog.getFamilyTree(PuppyDog.java:192)
	at org.dog.PuppyDog.getFamilyTree(PuppyDog.java:165)
	at org.dog.PuppyDog.getFamilyTree(PuppyDog.java:192)
	at org.dog.PuppyDog.getFamilyTree(PuppyDog.java:192)
	at org.dog.PuppyDog.getFamilyTree(PuppyDog.java:165)
	at org.dog.PuppyDog.getFamilyTree(PuppyDog.java:192)
	at org.dog.PuppyDog.getFamilyTree(PuppyDog.java:192)
	at org.dog.PuppyDog.getFamilyTree(PuppyDog.java:165)
	at org.dog.PuppyDog.getFamilyTree(PuppyDog.java:192)
	at org.dog.PuppyDog.getFamilyTree(PuppyDog.java:192)
	at org.dog.PuppyDog.getFamilyTree(PuppyDog.java:165)
	at org.dog.PuppyDog.getFamilyTree(PuppyDog.java:192)
	at org.dog.PuppyDog.getFamilyTree(PuppyDog.java:192)
	at org.dog.PuppyDog.getFamilyTree(PuppyDog.java:165)
	at org.dog.PuppyDog.getFamilyTree(PuppyDog.java:192)
	at org.dog.PuppyDog.getFamilyTree(PuppyDog.java:192)
	at org.dog.PuppyDog.getFamilyTree(PuppyDog.java:165)
	at org.dog.PuppyDog.getFamilyTree(PuppyDog.java:192)
	at org.dog.PuppyDog.getFamilyTree(PuppyDog.java:192)
	at org.dog.PuppyDog.getFamilyTree(PuppyDog.java:165)
	at org.dog.PuppyDog.getFamilyTree(PuppyDog.java:192)
	at org.dog.PuppyDog.getFamilyTree(PuppyDog.java:192)
	at org.dog.PuppyDog.getFamilyTree(PuppyDog.java:165)
	at org.dog.PuppyDog.getFamilyTree(PuppyDog.java:192)
	at org.dog.PuppyDog.getFamilyTree(PuppyDog.java:192)
	at org.dog.PuppyDog.getFamilyTree(PuppyDog.java:165)
	at org.dog.PuppyDog.getFamilyTree(PuppyDog.java:192)
	at org.dog.PuppyDog.getFamilyTree(PuppyDog.java:192)
	at org.dog.PuppyDog.getFamilyTree(PuppyDog.java:165)
	at org.dog.PuppyDog.getFamilyTree(PuppyDog.java:192)
	at org.dog.PuppyDog.getFamilyTree(PuppyDog.java:192)
	at org.dog.PuppyDog.getFamilyTree(PuppyDog.java:165)
	at org.dog.PuppyDog.getFamilyTree(PuppyDog.java:192)
	at org.dog.PuppyDog.getFamilyTree(PuppyDog.java:192)
	at org.dog.PuppyDog.getFamilyTree(PuppyDog.java:165)
	at org.dog.PuppyDog.getFamilyTree(PuppyDog.java:192)
	at org.dog.PuppyDog.getFamilyTree(PuppyDog.java:192)
	at org.dog.PuppyDog.getFamilyTree(PuppyDog.java:165)
	at org.dog.PuppyDog.getFamilyTree(PuppyDog.java:192)
	at org.dog.PuppyDog.getFamilyTree(PuppyDog.java:192)
	at org.dog.PuppyDog.getFamilyTree(PuppyDog.java:165)
	at org.dog.PuppyDog.getFamilyTree(PuppyDog.java:192)
	at org.dog.PuppyDog.getFamilyTree(PuppyDog.java:192)
	at org.dog.PuppyDog.getFamilyTree(PuppyDog.java:165)
	at org.dog.PuppyDog.getFamilyTree(PuppyDog.java:192)
	at org.dog.PuppyDog.getFamilyTree(PuppyDog.java:192)
	at org.dog.PuppyDog.getFamilyTree(PuppyDog.java:165)
	at org.dog.PuppyDog.getFamilyTree(PuppyDog.java:192)
	at org.dog.PuppyDog.getFamilyTree(PuppyDog.java:192)
	at org.dog.PuppyDog.getFamilyTree(PuppyDog.java:165)
	at org.dog.PuppyDog.getFamilyTree(PuppyDog.java:192)
	at org.dog.PuppyDog.getFamilyTree(PuppyDog.java:192)
	at org.dog.PuppyDog.getFamilyTree(PuppyDog.java:165)
	at org.dog.PuppyDog.getFamilyTree(PuppyDog.java:192)
	at org.dog.PuppyDog.getFamilyTree(PuppyDog.java:192)
	at org.dog.PuppyDog.getFamilyTree(PuppyDog.java:165)
	at org.dog.PuppyDog.getFamilyTree(PuppyDog.java:192)
	at org.dog.PuppyDog.getFamilyTree(PuppyDog.java:192)
	at org.dog.PuppyDog.getFamilyTree(PuppyDog.java:165)
	at org.dog.PuppyDog.getFamilyTree(PuppyDog.java:192)
	at org.dog.PuppyDog.getFamilyTree(PuppyDog.java:192)
	at org.dog.PuppyDog.getFamilyTree(PuppyDog.java:165)
	at org.dog.PuppyDog.getFamilyTree(PuppyDog.java:192)
	at org.dog.PuppyDog.getFamilyTree(PuppyDog.java:192)
	at org.dog.PuppyDog.getFamilyTree(PuppyDog.java:165)
	at org.dog.PuppyDog.getFamilyTree(PuppyDog.java:192)
	at org.dog.PuppyDog.getFamilyTree(PuppyDog.java:192)
	at org.dog.PuppyDog.getFamilyTree(PuppyDog.java:165)
	at org.dog.PuppyDog.getFamilyTree(PuppyDog.java:192)
	at org.dog.PuppyDog.getFamilyTree(PuppyDog.java:192)
	at org.dog.PuppyDog.getFamilyTree(PuppyDog.java:165)
	at org.dog.PuppyDog.getFamilyTree(PuppyDog.java:192)
	at org.dog.PuppyDog.getFamilyTree(PuppyDog.java:192)
	at org.dog.PuppyDog.getFamilyTree(PuppyDog.java:165)
	at org.dog.PuppyDog.getFamilyTree(PuppyDog.java:192)
	at org.dog.PuppyDog.getFamilyTree(PuppyDog.java:192)
	at org.dog.PuppyDog.getFamilyTree(PuppyDog.java:165)
	at org.dog.PuppyDog.getFamilyTree(PuppyDog.java:192)
	at org.dog.PuppyDog.getFamilyTree(PuppyDog.java:192)
	at org.dog.PuppyDog.getFamilyTree(PuppyDog.java:165)
	at org.dog.PuppyDog.getFamilyTree(PuppyDog.java:192)
	at org.dog.PuppyDog.getFamilyTree(PuppyDog.java:192)
	at org.dog.PuppyDog.getFamilyTree(PuppyDog.java:165)
	at org.dog.PuppyDog.getFamilyTree(PuppyDog.java:192)
	at org.dog.PuppyDog.getFamilyTree(PuppyDog.java:192)
	at org.dog.PuppyDog.getFamilyTree(PuppyDog.java:165)
	at org.dog.PuppyDog.getFamilyTree(PuppyDog.java:192)
	at org.dog.PuppyDog.getFamilyTree(PuppyDog.java:192)
	at org.dog.PuppyDog.getFamilyTree(PuppyDog.java:165)
	at org.dog.PuppyDog.getFamilyTree(PuppyDog.java:192)
	at org.dog.PuppyDog.getFamilyTree(PuppyDog.java:192)
	at org.dog.PuppyDog.getFamilyTree(PuppyDog.java:165)
	at org.dog.PuppyDog.getFamilyTree(PuppyDog.java:192)
	at org.dog.PuppyDog.getFamilyTree(PuppyDog.java:192)
	at org.dog.PuppyDog.getFamilyTree(PuppyDog.java:165)
	at org.dog.PuppyDog.getFamilyTree(PuppyDog.java:192)
	at org.dog.PuppyDog.getFamilyTree(PuppyDog.java:192)
	at org.dog.PuppyDog.getFamilyTree(PuppyDog.java:165)
	at org.dog.PuppyDog.getFamilyTree(PuppyDog.java:192)
	at org.dog.PuppyDog.getFamilyTree(PuppyDog.java:192)
	at org.dog.PuppyDog.getFamilyTree(PuppyDog.java:165)
	at org.dog.PuppyDog.getFamilyTree(PuppyDog.java:192)
	at org.dog.PuppyDog.getFamilyTree(PuppyDog.java:192)
	at org.dog.PuppyDog.getFamilyTree(PuppyDog.java:165)
	at org.dog.PuppyDog.getFamilyTree(PuppyDog.java:192)
	at org.dog.PuppyDog.getFamilyTree(PuppyDog.java:192)
	at org.dog.PuppyDog.getFamilyTree(PuppyDog.java:165)
	at org.dog.PuppyDog.getFamilyTree(PuppyDog.java:192)
	at org.dog.PuppyDog.getFamilyTree(PuppyDog.java:192)
	at org.dog.PuppyDog.getFamilyTree(PuppyDog.java:165)
	at org.dog.PuppyDog.getFamilyTree(PuppyDog.java:192)
	at org.dog.PuppyDog.getFamilyTree(PuppyDog.java:192)
	at org.dog.PuppyDog.getFamilyTree(PuppyDog.java:165)
	at org.dog.PuppyDog.getFamilyTree(PuppyDog.java:192)
	at org.dog.PuppyDog.getFamilyTree(PuppyDog.java:192)
	at org.dog.PuppyDog.getFamilyTree(PuppyDog.java:165)
	at org.dog.PuppyDog.getFamilyTree(PuppyDog.java:192)
	at org.dog.PuppyDog.getFamilyTree(PuppyDog.java:192)
	at org.dog.PuppyDog.getFamilyTree(PuppyDog.java:165)
	at org.dog.PuppyDog.getFamilyTree(PuppyDog.java:192)
	at org.dog.PuppyDog.getFamilyTree(PuppyDog.java:192)
	at org.dog.PuppyDog.getFamilyTree(PuppyDog.java:165)
	at org.dog.PuppyDog.getFamilyTree(PuppyDog.java:192)
	at org.dog.PuppyDog.getFamilyTree(PuppyDog.java:192)
	at org.dog.PuppyDog.getFamilyTree(PuppyDog.java:165)
	at org.dog.PuppyDog.getFamilyTree(PuppyDog.java:192)
	at org.dog.PuppyDog.getFamilyTree(PuppyDog.java:192)
	at org.dog.PuppyDog.getFamilyTree(PuppyDog.java:165)
	at org.dog.PuppyDog.getFamilyTree(PuppyDog.java:192)
	at org.dog.PuppyDog.getFamilyTree(PuppyDog.java:192)
	at org.dog.PuppyDog.getFamilyTree(PuppyDog.java:165)
	at org.dog.PuppyDog.getFamilyTree(PuppyDog.java:192)
	at org.dog.PuppyDog.getFamilyTree(PuppyDog.java:192)
	at org.dog.PuppyDog.getFamilyTree(PuppyDog.java:165)
	at org.dog.PuppyDog.getFamilyTree(PuppyDog.java:192)
	at org.dog.PuppyDog.getFamilyTree(PuppyDog.java:192)
	at org.dog.PuppyDog.getFamilyTree(PuppyDog.java:165)
	at org.dog.PuppyDog.getFamilyTree(PuppyDog.java:192)
	at org.dog.PuppyDog.getFamilyTree(PuppyDog.java:192)
	at org.dog.PuppyDog.getFamilyTree(PuppyDog.java:165)
	at org.dog.PuppyDog.getFamilyTree(PuppyDog.java:192)
	at org.dog.PuppyDog.getFamilyTree(PuppyDog.java:192)
	at org.dog.PuppyDog.getFamilyTree(PuppyDog.java:165)
	at org.dog.PuppyDog.getFamilyTree(PuppyDog.java:192)
	at org.dog.PuppyDog.getFamilyTree(PuppyDog.java:192)
	at org.dog.PuppyDog.getFamilyTree(PuppyDog.java:165)
	at org.dog.PuppyDog.getFamilyTree(PuppyDog.java:192)
	at org.dog.PuppyDog.getFamilyTree(PuppyDog.java:192)
	at org.dog.PuppyDog.getFamilyTree(PuppyDog.java:165)
	at org.dog.PuppyDog.getFamilyTree(PuppyDog.java:192)
	at org.dog.PuppyDog.getFamilyTree(PuppyDog.java:192)
	at org.dog.PuppyDog.getFamilyTree(PuppyDog.java:165)
]]>
    </error>
  </testcase> <!-- test -->
</testsuite> <!-- org.dog.TestMain -->
